{
  "_index": "wazuh-alerts-4.x-2025.08.11",
  "_id": "KUAKmpgBSYcelguJJoy0",
  "_version": 1,
  "_score": null,
  "_source": {
    "input": {
      "type": "log"
    },
    "agent": {
      "ip": "192.168.100.120",
      "name": "win-10",
      "id": "001"
    },
    "previous_output": "{\"win\":{\"system\":{\"providerName\":\"Microsoft-Windows-Security-Auditing\",\"providerGuid\":\"{54849625-5478-4994-a5ba-3e3b0328c30d}\",\"eventID\":\"4625\",\"version\":\"0\",\"level\":\"0\",\"task\":\"12544\",\"opcode\":\"0\",\"keywords\":\"0x8010000000000000\",\"systemTime\":\"2025-08-11T16:50:07.4166040Z\",\"eventRecordID\":\"20797\",\"processID\":\"704\",\"threadID\":\"5636\",\"channel\":\"Security\",\"computer\":\"DESKTOP-LGSII8V\",\"severityValue\":\"AUDIT_FAILURE\",\"message\":\"\\\"Error de una cuenta al iniciar sesión.\\r\\n\\r\\nSujeto:\\r\\n\\tId. de seguridad:\\t\\tS-1-0-0\\r\\n\\tNombre de cuenta:\\t\\t-\\r\\n\\tDominio de cuenta:\\t\\t-\\r\\n\\tId. de inicio de sesión:\\t\\t0x0\\r\\n\\r\\nTipo de inicio de sesión:\\t\\t\\t3\\r\\n\\r\\nCuenta con error de inicio de sesión: \\r\\n\\tId. de seguridad:\\t\\tS-1-0-0\\r\\n\\tNombre de cuenta:\\t\\tAdministrator\\r\\n\\tDominio de cuenta:\\t\\t\\r\\n\\r\\nInformación de error:\\r\\n\\tMotivo del error:\\t\\tNombre de usuario desconocido o contraseña incorrecta\\r\\n\\tEstado:\\t\\t\\t0xC000006D\\r\\n\\tSubestado:\\t\\t0xC0000064\\r\\n\\r\\nInformación de proceso:\\r\\n\\tId. de proceso del autor de la llamada:\\t0x0\\r\\n\\tNombre de proceso del autor de la llamada:\\t-\\r\\n\\r\\nInformación de red:\\r\\n\\tNombre de estación de trabajo:\\tkali\\r\\n\\tDirección de red de origen:\\t192.168.100.110\\r\\n\\tPuerto de origen:\\t\\t0\\r\\n\\r\\nInformación de autenticación detallada:\\r\\n\\tProceso de inicio de sesión:\\t\\tNtLmSsp \\r\\n\\tPaquete de autenticación:\\tNTLM\\r\\n\\tServicios transitados:\\t-\\r\\n\\tNombre de paquete (solo NTLM):\\t-\\r\\n\\tLongitud de clave:\\t0\\r\\n\\r\\nEste evento se genera cuando se produce un error en una solicitud de inicio de sesión. Lo genera el equipo al que se intentó tener acceso.\\r\\n\\r\\nLos campos de sujeto indican la cuenta del sistema local que solicitó el inicio de sesión. Suele ser un servicio como el servicio de servidor o un proceso local como Winlogon.exe o Services.exe.\\r\\n\\r\\nEl campo Tipo de inicio de sesión indica la clase de inicio de sesión que se solicitó. Los tipos más comunes son 2 (interactivo) y 3 (red).\\r\\n\\r\\nLos campos Información de proceso indican la cuenta y el proceso en el sistema que solicitó el inicio de sesión.\\r\\n\\r\\nLos campos Información de red indican dónde se originó una solicitud de inicio de sesión remota. Nombre de estación de trabajo no está siempre disponible y se puede dejar en blanco en algunos casos.\\r\\n\\r\\nLos campos de información de autenticación proporcionan información detallada sobre esta solicitud de inicio de sesión específica.\\r\\n\\t- Servicios transitados indica los servicios intermedios que participaron en esta solicitud de inicio de sesión.\\r\\n\\t- Nombre de paquete indica el subprotocolo que se usó entre los protocolos NTLM.\\r\\n\\t- Longitud de clave indica la longitud de la clave de sesión generada. Será 0 si no se solicitó una clave de sesión.\\\"\"},\"eventdata\":{\"subjectUserSid\":\"S-1-0-0\",\"subjectLogonId\":\"0x0\",\"targetUserSid\":\"S-1-0-0\",\"targetUserName\":\"Administrator\",\"status\":\"0xc000006d\",\"failureReason\":\"%%2313\",\"subStatus\":\"0xc0000064\",\"logonType\":\"3\",\"logonProcessName\":\"NtLmSsp\",\"authenticationPackageName\":\"NTLM\",\"workstationName\":\"kali\",\"keyLength\":\"0\",\"processId\":\"0x0\",\"ipAddress\":\"192.168.100.110\",\"ipPort\":\"0\"}}}\n{\"win\":{\"system\":{\"providerName\":\"Microsoft-Windows-Security-Auditing\",\"providerGuid\":\"{54849625-5478-4994-a5ba-3e3b0328c30d}\",\"eventID\":\"4625\",\"version\":\"0\",\"level\":\"0\",\"task\":\"12544\",\"opcode\":\"0\",\"keywords\":\"0x8010000000000000\",\"systemTime\":\"2025-08-11T16:50:06.3841959Z\",\"eventRecordID\":\"20796\",\"processID\":\"704\",\"threadID\":\"5636\",\"channel\":\"Security\",\"computer\":\"DESKTOP-LGSII8V\",\"severityValue\":\"AUDIT_FAILURE\",\"message\":\"\\\"Error de una cuenta al iniciar sesión.\\r\\n\\r\\nSujeto:\\r\\n\\tId. de seguridad:\\t\\tS-1-0-0\\r\\n\\tNombre de cuenta:\\t\\t-\\r\\n\\tDominio de cuenta:\\t\\t-\\r\\n\\tId. de inicio de sesión:\\t\\t0x0\\r\\n\\r\\nTipo de inicio de sesión:\\t\\t\\t3\\r\\n\\r\\nCuenta con error de inicio de sesión: \\r\\n\\tId. de seguridad:\\t\\tS-1-0-0\\r\\n\\tNombre de cuenta:\\t\\tAdministrator\\r\\n\\tDominio de cuenta:\\t\\t\\r\\n\\r\\nInformación de error:\\r\\n\\tMotivo del error:\\t\\tNombre de usuario desconocido o contraseña incorrecta\\r\\n\\tEstado:\\t\\t\\t0xC000006D\\r\\n\\tSubestado:\\t\\t0xC0000064\\r\\n\\r\\nInformación de proceso:\\r\\n\\tId. de proceso del autor de la llamada:\\t0x0\\r\\n\\tNombre de proceso del autor de la llamada:\\t-\\r\\n\\r\\nInformación de red:\\r\\n\\tNombre de estación de trabajo:\\tkali\\r\\n\\tDirección de red de origen:\\t192.168.100.110\\r\\n\\tPuerto de origen:\\t\\t0\\r\\n\\r\\nInformación de autenticación detallada:\\r\\n\\tProceso de inicio de sesión:\\t\\tNtLmSsp \\r\\n\\tPaquete de autenticación:\\tNTLM\\r\\n\\tServicios transitados:\\t-\\r\\n\\tNombre de paquete (solo NTLM):\\t-\\r\\n\\tLongitud de clave:\\t0\\r\\n\\r\\nEste evento se genera cuando se produce un error en una solicitud de inicio de sesión. Lo genera el equipo al que se intentó tener acceso.\\r\\n\\r\\nLos campos de sujeto indican la cuenta del sistema local que solicitó el inicio de sesión. Suele ser un servicio como el servicio de servidor o un proceso local como Winlogon.exe o Services.exe.\\r\\n\\r\\nEl campo Tipo de inicio de sesión indica la clase de inicio de sesión que se solicitó. Los tipos más comunes son 2 (interactivo) y 3 (red).\\r\\n\\r\\nLos campos Información de proceso indican la cuenta y el proceso en el sistema que solicitó el inicio de sesión.\\r\\n\\r\\nLos campos Información de red indican dónde se originó una solicitud de inicio de sesión remota. Nombre de estación de trabajo no está siempre disponible y se puede dejar en blanco en algunos casos.\\r\\n\\r\\nLos campos de información de autenticación proporcionan información detallada sobre esta solicitud de inicio de sesión específica.\\r\\n\\t- Servicios transitados indica los servicios intermedios que participaron en esta solicitud de inicio de sesión.\\r\\n\\t- Nombre de paquete indica el subprotocolo que se usó entre los protocolos NTLM.\\r\\n\\t- Longitud de clave indica la longitud de la clave de sesión generada. Será 0 si no se solicitó una clave de sesión.\\\"\"},\"eventdata\":{\"subjectUserSid\":\"S-1-0-0\",\"subjectLogonId\":\"0x0\",\"targetUserSid\":\"S-1-0-0\",\"targetUserName\":\"Administrator\",\"status\":\"0xc000006d\",\"failureReason\":\"%%2313\",\"subStatus\":\"0xc0000064\",\"logonType\":\"3\",\"logonProcessName\":\"NtLmSsp\",\"authenticationPackageName\":\"NTLM\",\"workstationName\":\"kali\",\"keyLength\":\"0\",\"processId\":\"0x0\",\"ipAddress\":\"192.168.100.110\",\"ipPort\":\"0\"}}}\n{\"win\":{\"system\":{\"providerName\":\"Microsoft-Windows-Security-Auditing\",\"providerGuid\":\"{54849625-5478-4994-a5ba-3e3b0328c30d}\",\"eventID\":\"4625\",\"version\":\"0\",\"level\":\"0\",\"task\":\"12544\",\"opcode\":\"0\",\"keywords\":\"0x8010000000000000\",\"systemTime\":\"2025-08-11T16:50:05.3503859Z\",\"eventRecordID\":\"20795\",\"processID\":\"704\",\"threadID\":\"5636\",\"channel\":\"Security\",\"computer\":\"DESKTOP-LGSII8V\",\"severityValue\":\"AUDIT_FAILURE\",\"message\":\"\\\"Error de una cuenta al iniciar sesión.\\r\\n\\r\\nSujeto:\\r\\n\\tId. de seguridad:\\t\\tS-1-0-0\\r\\n\\tNombre de cuenta:\\t\\t-\\r\\n\\tDominio de cuenta:\\t\\t-\\r\\n\\tId. de inicio de sesión:\\t\\t0x0\\r\\n\\r\\nTipo de inicio de sesión:\\t\\t\\t3\\r\\n\\r\\nCuenta con error de inicio de sesión: \\r\\n\\tId. de seguridad:\\t\\tS-1-0-0\\r\\n\\tNombre de cuenta:\\t\\tAdministrator\\r\\n\\tDominio de cuenta:\\t\\t\\r\\n\\r\\nInformación de error:\\r\\n\\tMotivo del error:\\t\\tNombre de usuario desconocido o contraseña incorrecta\\r\\n\\tEstado:\\t\\t\\t0xC000006D\\r\\n\\tSubestado:\\t\\t0xC0000064\\r\\n\\r\\nInformación de proceso:\\r\\n\\tId. de proceso del autor de la llamada:\\t0x0\\r\\n\\tNombre de proceso del autor de la llamada:\\t-\\r\\n\\r\\nInformación de red:\\r\\n\\tNombre de estación de trabajo:\\tkali\\r\\n\\tDirección de red de origen:\\t192.168.100.110\\r\\n\\tPuerto de origen:\\t\\t0\\r\\n\\r\\nInformación de autenticación detallada:\\r\\n\\tProceso de inicio de sesión:\\t\\tNtLmSsp \\r\\n\\tPaquete de autenticación:\\tNTLM\\r\\n\\tServicios transitados:\\t-\\r\\n\\tNombre de paquete (solo NTLM):\\t-\\r\\n\\tLongitud de clave:\\t0\\r\\n\\r\\nEste evento se genera cuando se produce un error en una solicitud de inicio de sesión. Lo genera el equipo al que se intentó tener acceso.\\r\\n\\r\\nLos campos de sujeto indican la cuenta del sistema local que solicitó el inicio de sesión. Suele ser un servicio como el servicio de servidor o un proceso local como Winlogon.exe o Services.exe.\\r\\n\\r\\nEl campo Tipo de inicio de sesión indica la clase de inicio de sesión que se solicitó. Los tipos más comunes son 2 (interactivo) y 3 (red).\\r\\n\\r\\nLos campos Información de proceso indican la cuenta y el proceso en el sistema que solicitó el inicio de sesión.\\r\\n\\r\\nLos campos Información de red indican dónde se originó una solicitud de inicio de sesión remota. Nombre de estación de trabajo no está siempre disponible y se puede dejar en blanco en algunos casos.\\r\\n\\r\\nLos campos de información de autenticación proporcionan información detallada sobre esta solicitud de inicio de sesión específica.\\r\\n\\t- Servicios transitados indica los servicios intermedios que participaron en esta solicitud de inicio de sesión.\\r\\n\\t- Nombre de paquete indica el subprotocolo que se usó entre los protocolos NTLM.\\r\\n\\t- Longitud de clave indica la longitud de la clave de sesión generada. Será 0 si no se solicitó una clave de sesión.\\\"\"},\"eventdata\":{\"subjectUserSid\":\"S-1-0-0\",\"subjectLogonId\":\"0x0\",\"targetUserSid\":\"S-1-0-0\",\"targetUserName\":\"Administrator\",\"status\":\"0xc000006d\",\"failureReason\":\"%%2313\",\"subStatus\":\"0xc0000064\",\"logonType\":\"3\",\"logonProcessName\":\"NtLmSsp\",\"authenticationPackageName\":\"NTLM\",\"workstationName\":\"kali\",\"keyLength\":\"0\",\"processId\":\"0x0\",\"ipAddress\":\"192.168.100.110\",\"ipPort\":\"0\"}}}\n{\"win\":{\"system\":{\"providerName\":\"Microsoft-Windows-Security-Auditing\",\"providerGuid\":\"{54849625-5478-4994-a5ba-3e3b0328c30d}\",\"eventID\":\"4625\",\"version\":\"0\",\"level\":\"0\",\"task\":\"12544\",\"opcode\":\"0\",\"keywords\":\"0x8010000000000000\",\"systemTime\":\"2025-08-11T16:50:04.2832659Z\",\"eventRecordID\":\"20794\",\"processID\":\"704\",\"threadID\":\"5636\",\"channel\":\"Security\",\"computer\":\"DESKTOP-LGSII8V\",\"severityValue\":\"AUDIT_FAILURE\",\"message\":\"\\\"Error de una cuenta al iniciar sesión.\\r\\n\\r\\nSujeto:\\r\\n\\tId. de seguridad:\\t\\tS-1-0-0\\r\\n\\tNombre de cuenta:\\t\\t-\\r\\n\\tDominio de cuenta:\\t\\t-\\r\\n\\tId. de inicio de sesión:\\t\\t0x0\\r\\n\\r\\nTipo de inicio de sesión:\\t\\t\\t3\\r\\n\\r\\nCuenta con error de inicio de sesión: \\r\\n\\tId. de seguridad:\\t\\tS-1-0-0\\r\\n\\tNombre de cuenta:\\t\\tAdministrator\\r\\n\\tDominio de cuenta:\\t\\t\\r\\n\\r\\nInformación de error:\\r\\n\\tMotivo del error:\\t\\tNombre de usuario desconocido o contraseña incorrecta\\r\\n\\tEstado:\\t\\t\\t0xC000006D\\r\\n\\tSubestado:\\t\\t0xC0000064\\r\\n\\r\\nInformación de proceso:\\r\\n\\tId. de proceso del autor de la llamada:\\t0x0\\r\\n\\tNombre de proceso del autor de la llamada:\\t-\\r\\n\\r\\nInformación de red:\\r\\n\\tNombre de estación de trabajo:\\tkali\\r\\n\\tDirección de red de origen:\\t192.168.100.110\\r\\n\\tPuerto de origen:\\t\\t0\\r\\n\\r\\nInformación de autenticación detallada:\\r\\n\\tProceso de inicio de sesión:\\t\\tNtLmSsp \\r\\n\\tPaquete de autenticación:\\tNTLM\\r\\n\\tServicios transitados:\\t-\\r\\n\\tNombre de paquete (solo NTLM):\\t-\\r\\n\\tLongitud de clave:\\t0\\r\\n\\r\\nEste evento se genera cuando se produce un error en una solicitud de inicio de sesión. Lo genera el equipo al que se intentó tener acceso.\\r\\n\\r\\nLos campos de sujeto indican la cuenta del sistema local que solicitó el inicio de sesión. Suele ser un servicio como el servicio de servidor o un proceso local como Winlogon.exe o Services.exe.\\r\\n\\r\\nEl campo Tipo de inicio de sesión indica la clase de inicio de sesión que se solicitó. Los tipos más comunes son 2 (interactivo) y 3 (red).\\r\\n\\r\\nLos campos Información de proceso indican la cuenta y el proceso en el sistema que solicitó el inicio de sesión.\\r\\n\\r\\nLos campos Información de red indican dónde se originó una solicitud de inicio de sesión remota. Nombre de estación de trabajo no está siempre disponible y se puede dejar en blanco en algunos casos.\\r\\n\\r\\nLos campos de información de autenticación proporcionan información detallada sobre esta solicitud de inicio de sesión específica.\\r\\n\\t- Servicios transitados indica los servicios intermedios que participaron en esta solicitud de inicio de sesión.\\r\\n\\t- Nombre de paquete indica el subprotocolo que se usó entre los protocolos NTLM.\\r\\n\\t- Longitud de clave indica la longitud de la clave de sesión generada. Será 0 si no se solicitó una clave de sesión.\\\"\"},\"eventdata\":{\"subjectUserSid\":\"S-1-0-0\",\"subjectLogonId\":\"0x0\",\"targetUserSid\":\"S-1-0-0\",\"targetUserName\":\"Administrator\",\"status\":\"0xc000006d\",\"failureReason\":\"%%2313\",\"subStatus\":\"0xc0000064\",\"logonType\":\"3\",\"logonProcessName\":\"NtLmSsp\",\"authenticationPackageName\":\"NTLM\",\"workstationName\":\"kali\",\"keyLength\":\"0\",\"processId\":\"0x0\",\"ipAddress\":\"192.168.100.110\",\"ipPort\":\"0\"}}}",
    "manager": {
      "name": "wazuh-server"
    },
    "data": {
      "win": {
        "eventdata": {
          "subjectLogonId": "0x0",
          "ipAddress": "192.168.100.110",
          "authenticationPackageName": "NTLM",
          "workstationName": "kali",
          "subStatus": "0xc0000064",
          "logonProcessName": "NtLmSsp",
          "targetUserName": "Administrator",
          "keyLength": "0",
          "subjectUserSid": "S-1-0-0",
          "processId": "0x0",
          "ipPort": "0",
          "failureReason": "%%2313",
          "targetUserSid": "S-1-0-0",
          "logonType": "3",
          "status": "0xc000006d"
        },
        "system": {
          "eventID": "4625",
          "keywords": "0x8010000000000000",
          "providerGuid": "{54849625-5478-4994-a5ba-3e3b0328c30d}",
          "level": "0",
          "channel": "Security",
          "opcode": "0",
          "message": "\"Error de una cuenta al iniciar sesión.\r\n\r\nSujeto:\r\n\tId. de seguridad:\t\tS-1-0-0\r\n\tNombre de cuenta:\t\t-\r\n\tDominio de cuenta:\t\t-\r\n\tId. de inicio de sesión:\t\t0x0\r\n\r\nTipo de inicio de sesión:\t\t\t3\r\n\r\nCuenta con error de inicio de sesión: \r\n\tId. de seguridad:\t\tS-1-0-0\r\n\tNombre de cuenta:\t\tAdministrator\r\n\tDominio de cuenta:\t\t\r\n\r\nInformación de error:\r\n\tMotivo del error:\t\tNombre de usuario desconocido o contraseña incorrecta\r\n\tEstado:\t\t\t0xC000006D\r\n\tSubestado:\t\t0xC0000064\r\n\r\nInformación de proceso:\r\n\tId. de proceso del autor de la llamada:\t0x0\r\n\tNombre de proceso del autor de la llamada:\t-\r\n\r\nInformación de red:\r\n\tNombre de estación de trabajo:\tkali\r\n\tDirección de red de origen:\t192.168.100.110\r\n\tPuerto de origen:\t\t0\r\n\r\nInformación de autenticación detallada:\r\n\tProceso de inicio de sesión:\t\tNtLmSsp \r\n\tPaquete de autenticación:\tNTLM\r\n\tServicios transitados:\t-\r\n\tNombre de paquete (solo NTLM):\t-\r\n\tLongitud de clave:\t0\r\n\r\nEste evento se genera cuando se produce un error en una solicitud de inicio de sesión. Lo genera el equipo al que se intentó tener acceso.\r\n\r\nLos campos de sujeto indican la cuenta del sistema local que solicitó el inicio de sesión. Suele ser un servicio como el servicio de servidor o un proceso local como Winlogon.exe o Services.exe.\r\n\r\nEl campo Tipo de inicio de sesión indica la clase de inicio de sesión que se solicitó. Los tipos más comunes son 2 (interactivo) y 3 (red).\r\n\r\nLos campos Información de proceso indican la cuenta y el proceso en el sistema que solicitó el inicio de sesión.\r\n\r\nLos campos Información de red indican dónde se originó una solicitud de inicio de sesión remota. Nombre de estación de trabajo no está siempre disponible y se puede dejar en blanco en algunos casos.\r\n\r\nLos campos de información de autenticación proporcionan información detallada sobre esta solicitud de inicio de sesión específica.\r\n\t- Servicios transitados indica los servicios intermedios que participaron en esta solicitud de inicio de sesión.\r\n\t- Nombre de paquete indica el subprotocolo que se usó entre los protocolos NTLM.\r\n\t- Longitud de clave indica la longitud de la clave de sesión generada. Será 0 si no se solicitó una clave de sesión.\"",
          "version": "0",
          "systemTime": "2025-08-11T16:50:08.4451382Z",
          "eventRecordID": "20798",
          "threadID": "5636",
          "computer": "DESKTOP-LGSII8V",
          "task": "12544",
          "processID": "704",
          "severityValue": "AUDIT_FAILURE",
          "providerName": "Microsoft-Windows-Security-Auditing"
        }
      }
    },
    "rule": {
      "firedtimes": 1,
      "mail": true,
      "level": 12,
      "description": "Fuerza bruta RDP: 5+ fallos desde la misma IP en 60s.",
      "groups": [
        "rdp",
        " brute_force",
        " custom_detection"
      ],
      "mitre": {
        "technique": [
          "Password Guessing",
          "Valid Accounts"
        ],
        "id": [
          "T1110.001",
          "T1078"
        ],
        "tactic": [
          "Credential Access",
          "Defense Evasion",
          "Persistence",
          "Privilege Escalation",
          "Initial Access"
        ]
      },
      "id": "100999",
      "frequency": 5
    },
    "location": "EventChannel",
    "decoder": {
      "name": "windows_eventchannel"
    },
    "id": "1754931008.858288",
    "full_log": "{\"win\":{\"system\":{\"providerName\":\"Microsoft-Windows-Security-Auditing\",\"providerGuid\":\"{54849625-5478-4994-a5ba-3e3b0328c30d}\",\"eventID\":\"4625\",\"version\":\"0\",\"level\":\"0\",\"task\":\"12544\",\"opcode\":\"0\",\"keywords\":\"0x8010000000000000\",\"systemTime\":\"2025-08-11T16:50:08.4451382Z\",\"eventRecordID\":\"20798\",\"processID\":\"704\",\"threadID\":\"5636\",\"channel\":\"Security\",\"computer\":\"DESKTOP-LGSII8V\",\"severityValue\":\"AUDIT_FAILURE\",\"message\":\"\\\"Error de una cuenta al iniciar sesión.\\r\\n\\r\\nSujeto:\\r\\n\\tId. de seguridad:\\t\\tS-1-0-0\\r\\n\\tNombre de cuenta:\\t\\t-\\r\\n\\tDominio de cuenta:\\t\\t-\\r\\n\\tId. de inicio de sesión:\\t\\t0x0\\r\\n\\r\\nTipo de inicio de sesión:\\t\\t\\t3\\r\\n\\r\\nCuenta con error de inicio de sesión: \\r\\n\\tId. de seguridad:\\t\\tS-1-0-0\\r\\n\\tNombre de cuenta:\\t\\tAdministrator\\r\\n\\tDominio de cuenta:\\t\\t\\r\\n\\r\\nInformación de error:\\r\\n\\tMotivo del error:\\t\\tNombre de usuario desconocido o contraseña incorrecta\\r\\n\\tEstado:\\t\\t\\t0xC000006D\\r\\n\\tSubestado:\\t\\t0xC0000064\\r\\n\\r\\nInformación de proceso:\\r\\n\\tId. de proceso del autor de la llamada:\\t0x0\\r\\n\\tNombre de proceso del autor de la llamada:\\t-\\r\\n\\r\\nInformación de red:\\r\\n\\tNombre de estación de trabajo:\\tkali\\r\\n\\tDirección de red de origen:\\t192.168.100.110\\r\\n\\tPuerto de origen:\\t\\t0\\r\\n\\r\\nInformación de autenticación detallada:\\r\\n\\tProceso de inicio de sesión:\\t\\tNtLmSsp \\r\\n\\tPaquete de autenticación:\\tNTLM\\r\\n\\tServicios transitados:\\t-\\r\\n\\tNombre de paquete (solo NTLM):\\t-\\r\\n\\tLongitud de clave:\\t0\\r\\n\\r\\nEste evento se genera cuando se produce un error en una solicitud de inicio de sesión. Lo genera el equipo al que se intentó tener acceso.\\r\\n\\r\\nLos campos de sujeto indican la cuenta del sistema local que solicitó el inicio de sesión. Suele ser un servicio como el servicio de servidor o un proceso local como Winlogon.exe o Services.exe.\\r\\n\\r\\nEl campo Tipo de inicio de sesión indica la clase de inicio de sesión que se solicitó. Los tipos más comunes son 2 (interactivo) y 3 (red).\\r\\n\\r\\nLos campos Información de proceso indican la cuenta y el proceso en el sistema que solicitó el inicio de sesión.\\r\\n\\r\\nLos campos Información de red indican dónde se originó una solicitud de inicio de sesión remota. Nombre de estación de trabajo no está siempre disponible y se puede dejar en blanco en algunos casos.\\r\\n\\r\\nLos campos de información de autenticación proporcionan información detallada sobre esta solicitud de inicio de sesión específica.\\r\\n\\t- Servicios transitados indica los servicios intermedios que participaron en esta solicitud de inicio de sesión.\\r\\n\\t- Nombre de paquete indica el subprotocolo que se usó entre los protocolos NTLM.\\r\\n\\t- Longitud de clave indica la longitud de la clave de sesión generada. Será 0 si no se solicitó una clave de sesión.\\\"\"},\"eventdata\":{\"subjectUserSid\":\"S-1-0-0\",\"subjectLogonId\":\"0x0\",\"targetUserSid\":\"S-1-0-0\",\"targetUserName\":\"Administrator\",\"status\":\"0xc000006d\",\"failureReason\":\"%%2313\",\"subStatus\":\"0xc0000064\",\"logonType\":\"3\",\"logonProcessName\":\"NtLmSsp\",\"authenticationPackageName\":\"NTLM\",\"workstationName\":\"kali\",\"keyLength\":\"0\",\"processId\":\"0x0\",\"ipAddress\":\"192.168.100.110\",\"ipPort\":\"0\"}}}",
    "timestamp": "2025-08-11T16:50:08.080+0000"
  },
  "fields": {
    "timestamp": [
      "2025-08-11T16:50:08.080Z"
    ]
  },
  "highlight": {
    "manager.name": [
      "@opensearch-dashboards-highlighted-field@wazuh-server@/opensearch-dashboards-highlighted-field@"
    ]
  },
  "sort": [
    1754931008080
  ]
}